[09:17:29] [ServerMain/INFO]: Environment: Environment[sessionHost=https://sessionserver.mojang.com, servicesHost=https://api.minecraftservices.com, profilesHost=https://api.mojang.com, name=PROD]
[09:17:34] [ServerMain/INFO]: Loaded 1470 recipes
[09:17:34] [ServerMain/INFO]: Loaded 1584 advancements
[09:17:34] [Server thread/INFO]: Starting minecraft server version 1.21.11
[09:17:34] [Server thread/INFO]: Loading properties
[09:17:34] [Server thread/INFO]: Default game type: SURVIVAL
[09:17:34] [Server thread/INFO]: Generating keypair
[09:17:34] [Server thread/INFO]: Starting Minecraft server on *:25565
[09:17:34] [Server thread/WARN]: **** SERVER IS RUNNING IN OFFLINE/INSECURE MODE!
[09:17:34] [Server thread/WARN]: The server will make no attempt to authenticate usernames. Beware.
[09:17:34] [Server thread/WARN]: While this makes the game possible to play without internet access, it also opens up the ability for hackers to connect with any username they choose.
[09:17:34] [Server thread/WARN]: To change this, set "online-mode" to "true" in the server.properties file.
[09:17:34] [Server thread/INFO]: Preparing level "world"
[09:17:35] [Server thread/INFO]: Loading 0 persistent chunks...
[09:17:35] [Server thread/INFO]: Preparing spawn area: 100%
[09:17:35] [Server thread/INFO]: Time elapsed: 13 ms
[09:17:35] [Server thread/INFO]: Done (0.595s)! For help, type "help"
[09:17:46] [Server thread/INFO]: kiieuwo[/127.66.16.249:49211] logged in with entity id 62 at (-804.8662769816802, 183.02442408821366, -551.6999999880791)
[09:17:46] [Server thread/INFO]: kiieuwo joined the game
[09:18:19] [Server thread/WARN]: kiieuwo was kicked for floating too long!
[09:18:19] [Server thread/INFO]: kiieuwo lost connection: Flying is not enabled on this server
[09:18:19] [Server thread/INFO]: kiieuwo left the game
[09:18:19] [Server thread/WARN]: handleDisconnection() called twice
[09:18:23] [Server thread/INFO]: Stopping the server
[09:18:23] [Server thread/INFO]: Stopping server
[09:18:23] [Server thread/INFO]: Saving players
[09:18:23] [Server thread/INFO]: Saving worlds
[09:18:23] [Server thread/INFO]: Saving chunks for level 'ServerLevel[world]'/minecraft:overworld
[09:18:23] [Server thread/INFO]: Saving chunks for level 'ServerLevel[world]'/minecraft:the_end
[09:18:23] [Server thread/INFO]: Saving chunks for level 'ServerLevel[world]'/minecraft:the_nether
[09:18:23] [Server thread/INFO]: ThreadedAnvilChunkStorage (world): All chunks are saved
[09:18:23] [Server thread/INFO]: ThreadedAnvilChunkStorage (DIM1): All chunks are saved
[09:18:23] [Server thread/INFO]: ThreadedAnvilChunkStorage (DIM-1): All chunks are saved
[09:18:23] [Server thread/INFO]: ThreadedAnvilChunkStorage: All dimensions are saved
